0 info it worked if it ends with ok
1 verbose cli [ '/usr/bin/node', '/usr/bin/npm', 'install', '-g', 'mocha' ]
2 info using npm@1.4.28
3 info using node@v0.10.33
4 verbose node symlink /usr/bin/node
5 verbose cache add [ 'mocha', null ]
6 verbose cache add name=undefined spec="mocha" args=["mocha",null]
7 verbose parsed url { protocol: null,
7 verbose parsed url   slashes: null,
7 verbose parsed url   auth: null,
7 verbose parsed url   host: null,
7 verbose parsed url   port: null,
7 verbose parsed url   hostname: null,
7 verbose parsed url   hash: null,
7 verbose parsed url   search: null,
7 verbose parsed url   query: null,
7 verbose parsed url   pathname: 'mocha',
7 verbose parsed url   path: 'mocha',
7 verbose parsed url   href: 'mocha' }
8 silly lockFile a619da43-mocha mocha
9 verbose lock mocha /home/krysiu-ibisz/.npm/a619da43-mocha.lock
10 silly lockFile a619da43-mocha mocha
11 silly lockFile a619da43-mocha mocha
12 verbose addNamed [ 'mocha', '' ]
13 verbose addNamed [ null, '*' ]
14 silly lockFile b9899f31-mocha mocha@
15 verbose lock mocha@ /home/krysiu-ibisz/.npm/b9899f31-mocha.lock
16 silly addNameRange { name: 'mocha', range: '*', hasData: false }
17 verbose request where is /mocha
18 verbose request registry https://registry.npmjs.org/
19 verbose request id 4c566762d5bff346
20 verbose url raw /mocha
21 verbose url resolving [ 'https://registry.npmjs.org/', './mocha' ]
22 verbose url resolved https://registry.npmjs.org/mocha
23 verbose request where is https://registry.npmjs.org/mocha
24 info trying registry request attempt 1 at 06:43:59
25 verbose etag "AKAXW8FW2N5ASQPKZOQAZP8GB"
26 http GET https://registry.npmjs.org/mocha
27 http 304 https://registry.npmjs.org/mocha
28 silly registry.get cb [ 304,
28 silly registry.get   { date: 'Mon, 23 Feb 2015 11:44:00 GMT',
28 silly registry.get     server: 'Apache',
28 silly registry.get     via: '1.1 varnish',
28 silly registry.get     'last-modified': 'Mon, 23 Feb 2015 11:44:00 GMT',
28 silly registry.get     'cache-control': 'max-age=60',
28 silly registry.get     etag: '"AKAXW8FW2N5ASQPKZOQAZP8GB"',
28 silly registry.get     age: '19',
28 silly registry.get     'x-served-by': 'cache-fra1230-FRA',
28 silly registry.get     'x-cache': 'HIT',
28 silly registry.get     'x-cache-hits': '1',
28 silly registry.get     'x-timer': 'S1424691840.164787,VS0,VE0',
28 silly registry.get     vary: 'Accept',
28 silly registry.get     'content-length': '0',
28 silly registry.get     'keep-alive': 'timeout=10, max=50',
28 silly registry.get     connection: 'Keep-Alive' } ]
29 verbose etag https://registry.npmjs.org/mocha from cache
30 silly addNameRange number 2 { name: 'mocha', range: '*', hasData: true }
31 silly addNameRange versions [ 'mocha',
31 silly addNameRange   [ '0.0.1-alpha1',
31 silly addNameRange     '0.0.1-alpha2',
31 silly addNameRange     '0.0.1-alpha3',
31 silly addNameRange     '0.0.1-alpha4',
31 silly addNameRange     '0.0.1-alpha5',
31 silly addNameRange     '0.0.1-alpha6',
31 silly addNameRange     '0.0.1',
31 silly addNameRange     '0.0.2',
31 silly addNameRange     '0.0.3',
31 silly addNameRange     '0.0.4',
31 silly addNameRange     '0.0.5',
31 silly addNameRange     '0.0.6',
31 silly addNameRange     '0.0.7',
31 silly addNameRange     '0.0.8',
31 silly addNameRange     '0.1.0',
31 silly addNameRange     '0.2.0',
31 silly addNameRange     '0.3.0',
31 silly addNameRange     '0.3.1',
31 silly addNameRange     '0.3.2',
31 silly addNameRange     '0.3.3',
31 silly addNameRange     '0.3.4',
31 silly addNameRange     '0.3.6',
31 silly addNameRange     '0.4.0',
31 silly addNameRange     '0.5.0',
31 silly addNameRange     '0.6.0',
31 silly addNameRange     '0.7.0',
31 silly addNameRange     '0.7.1',
31 silly addNameRange     '0.8.0',
31 silly addNameRange     '0.8.1',
31 silly addNameRange     '0.9.0',
31 silly addNameRange     '0.10.0',
31 silly addNameRange     '0.10.1',
31 silly addNameRange     '0.10.2',
31 silly addNameRange     '0.11.0',
31 silly addNameRange     '0.12.0',
31 silly addNameRange     '0.12.1',
31 silly addNameRange     '0.13.0',
31 silly addNameRange     '0.14.0',
31 silly addNameRange     '0.14.1',
31 silly addNameRange     '1.0.0',
31 silly addNameRange     '1.0.1',
31 silly addNameRange     '1.0.2',
31 silly addNameRange     '1.0.3',
31 silly addNameRange     '1.1.0',
31 silly addNameRange     '1.2.0',
31 silly addNameRange     '1.2.1',
31 silly addNameRange     '1.2.2',
31 silly addNameRange     '1.3.0',
31 silly addNameRange     '1.3.1',
31 silly addNameRange     '1.3.2',
31 silly addNameRange     '1.4.0',
31 silly addNameRange     '1.4.1',
31 silly addNameRange     '1.4.2',
31 silly addNameRange     '1.4.3',
31 silly addNameRange     '1.5.0',
31 silly addNameRange     '1.6.0',
31 silly addNameRange     '1.7.0',
31 silly addNameRange     '1.7.1',
31 silly addNameRange     '1.7.2',
31 silly addNameRange     '1.7.3',
31 silly addNameRange     '1.7.4',
31 silly addNameRange     '1.8.0',
31 silly addNameRange     '1.8.1',
31 silly addNameRange     '1.8.2',
31 silly addNameRange     '1.9.0',
31 silly addNameRange     '1.10.0',
31 silly addNameRange     '1.11.0',
31 silly addNameRange     '1.12.0',
31 silly addNameRange     '1.12.1',
31 silly addNameRange     '1.13.0',
31 silly addNameRange     '1.14.0',
31 silly addNameRange     '1.15.0',
31 silly addNameRange     '1.15.1',
31 silly addNameRange     '1.16.0',
31 silly addNameRange     '1.16.1',
31 silly addNameRange     '1.16.2',
31 silly addNameRange     '1.17.0',
31 silly addNameRange     '1.17.1',
31 silly addNameRange     '1.18.0',
31 silly addNameRange     '1.18.1',
31 silly addNameRange     '1.18.2',
31 silly addNameRange     '1.19.0',
31 silly addNameRange     '1.20.0',
31 silly addNameRange     '1.20.1',
31 silly addNameRange     '1.21.0',
31 silly addNameRange     '1.21.1',
31 silly addNameRange     '1.21.2',
31 silly addNameRange     '1.21.3',
31 silly addNameRange     '1.21.4',
31 silly addNameRange     '1.21.5',
31 silly addNameRange     '2.0.0',
31 silly addNameRange     '2.0.1',
31 silly addNameRange     '2.1.0' ] ]
32 verbose addNamed [ 'mocha', '2.1.0' ]
33 verbose addNamed [ '2.1.0', '2.1.0' ]
34 silly lockFile f9a4f261-mocha-2-1-0 mocha@2.1.0
35 verbose lock mocha@2.1.0 /home/krysiu-ibisz/.npm/f9a4f261-mocha-2-1-0.lock
36 silly lockFile f9a4f261-mocha-2-1-0 mocha@2.1.0
37 silly lockFile f9a4f261-mocha-2-1-0 mocha@2.1.0
38 silly lockFile b9899f31-mocha mocha@
39 silly lockFile b9899f31-mocha mocha@
40 silly resolved [ { name: 'mocha',
40 silly resolved     version: '2.1.0',
40 silly resolved     description: 'simple, flexible, fun test framework',
40 silly resolved     keywords: [ 'mocha', 'test', 'bdd', 'tdd', 'tap' ],
40 silly resolved     author: { name: 'TJ Holowaychuk', email: 'tj@vision-media.ca' },
40 silly resolved     contributors:
40 silly resolved      [ [Object],
40 silly resolved        [Object],
40 silly resolved        [Object],
40 silly resolved        [Object],
40 silly resolved        [Object],
40 silly resolved        [Object],
40 silly resolved        [Object],
40 silly resolved        [Object] ],
40 silly resolved     repository: { type: 'git', url: 'git://github.com/mochajs/mocha.git' },
40 silly resolved     maintainers: [ [Object], [Object], [Object] ],
40 silly resolved     main: './index',
40 silly resolved     browser: './mocha.js',
40 silly resolved     bin: { mocha: './bin/mocha', _mocha: './bin/_mocha' },
40 silly resolved     engines: { node: '>= 0.8.x' },
40 silly resolved     scripts: { test: 'make test-all' },
40 silly resolved     dependencies:
40 silly resolved      { commander: '2.3.0',
40 silly resolved        debug: '2.0.0',
40 silly resolved        diff: '1.0.8',
40 silly resolved        'escape-string-regexp': '1.0.2',
40 silly resolved        glob: '3.2.3',
40 silly resolved        growl: '1.8.1',
40 silly resolved        jade: '0.26.3',
40 silly resolved        mkdirp: '0.5.0' },
40 silly resolved     devDependencies: { 'coffee-script': '~1.8.0', should: '~4.0.0' },
40 silly resolved     files:
40 silly resolved      [ 'bin',
40 silly resolved        'images',
40 silly resolved        'lib',
40 silly resolved        'index.js',
40 silly resolved        'mocha.css',
40 silly resolved        'mocha.js',
40 silly resolved        'LICENSE' ],
40 silly resolved     licenses: [ [Object] ],
40 silly resolved     bugs: { url: 'https://github.com/mochajs/mocha/issues' },
40 silly resolved     homepage: 'https://github.com/mochajs/mocha',
40 silly resolved     _id: 'mocha@2.1.0',
40 silly resolved     _shasum: '77752fe592fb9092756827af46cd3eae1b83671c',
40 silly resolved     _from: 'mocha@',
40 silly resolved     _npmVersion: '1.4.9',
40 silly resolved     _npmUser: { name: 'travisjeffery', email: 'tj@travisjeffery.com' },
40 silly resolved     dist:
40 silly resolved      { shasum: '77752fe592fb9092756827af46cd3eae1b83671c',
40 silly resolved        tarball: 'http://registry.npmjs.org/mocha/-/mocha-2.1.0.tgz' },
40 silly resolved     directories: {},
40 silly resolved     _resolved: 'https://registry.npmjs.org/mocha/-/mocha-2.1.0.tgz',
40 silly resolved     readme: 'ERROR: No README data found!' } ]
41 info install mocha@2.1.0 into /usr/lib
42 info installOne mocha@2.1.0
43 verbose lib/node_modules/mocha unbuild
44 verbose tar unpack /home/krysiu-ibisz/.npm/mocha/2.1.0/package.tgz
45 silly lockFile f6860037-tar-usr-lib-node-modules-mocha tar:///usr/lib/node_modules/mocha
46 verbose lock tar:///usr/lib/node_modules/mocha /home/krysiu-ibisz/.npm/f6860037-tar-usr-lib-node-modules-mocha.lock
47 silly lockFile ecd5fc6a-bisz-npm-mocha-2-1-0-package-tgz tar:///home/krysiu-ibisz/.npm/mocha/2.1.0/package.tgz
48 verbose lock tar:///home/krysiu-ibisz/.npm/mocha/2.1.0/package.tgz /home/krysiu-ibisz/.npm/ecd5fc6a-bisz-npm-mocha-2-1-0-package-tgz.lock
49 silly gunzTarPerm modes [ '775', '664' ]
50 error Error: EACCES, mkdir '/usr/lib/node_modules/mocha'
50 error  { [Error: EACCES, mkdir '/usr/lib/node_modules/mocha']
50 error   errno: 3,
50 error   code: 'EACCES',
50 error   path: '/usr/lib/node_modules/mocha',
50 error   fstream_type: 'Directory',
50 error   fstream_path: '/usr/lib/node_modules/mocha',
50 error   fstream_class: 'DirWriter',
50 error   fstream_stack:
50 error    [ '/usr/lib/node_modules/npm/node_modules/fstream/lib/dir-writer.js:36:23',
50 error      '/usr/lib/node_modules/npm/node_modules/mkdirp/index.js:46:53',
50 error      'Object.oncomplete (fs.js:107:15)' ] }
51 error Please try running this command again as root/Administrator.
52 error System Linux 3.13.0-32-generic
53 error command "/usr/bin/node" "/usr/bin/npm" "install" "-g" "mocha"
54 error cwd /home/krysiu-ibisz/webtest
55 error node -v v0.10.33
56 error npm -v 1.4.28
57 error path /usr/lib/node_modules/mocha
58 error fstream_path /usr/lib/node_modules/mocha
59 error fstream_type Directory
60 error fstream_class DirWriter
61 error code EACCES
62 error errno 3
63 error stack Error: EACCES, mkdir '/usr/lib/node_modules/mocha'
64 error fstream_stack /usr/lib/node_modules/npm/node_modules/fstream/lib/dir-writer.js:36:23
64 error fstream_stack /usr/lib/node_modules/npm/node_modules/mkdirp/index.js:46:53
64 error fstream_stack Object.oncomplete (fs.js:107:15)
65 verbose exit [ 3, true ]
